Arguments: 
  /usr/local/bin/node /usr/local/bin/yarn install --force

PATH: 
  /opt/homebrew/bin:/opt/homebrew/sbin:/usr/local/bin:/usr/bin:/bin:/usr/sbin:/sbin:/opt/homebrew/bin:/opt/homebrew/sbin

Yarn version: 
  1.22.18

Node version: 
  14.19.1

Platform: 
  darwin x64

Trace: 
  SyntaxError: /Users/hakansundstrom/Documents/dev/work/postnord/dashboard-e2e-network-monitoring-pn/workspaces/client/package.json: Unexpected token } in JSON at position 617
      at JSON.parse (<anonymous>)
      at /usr/local/lib/node_modules/yarn/lib/cli.js:1625:59
      at Generator.next (<anonymous>)
      at step (/usr/local/lib/node_modules/yarn/lib/cli.js:310:30)
      at /usr/local/lib/node_modules/yarn/lib/cli.js:321:13

npm manifest: 
  {
    "name": "@santander-calculator-widget/app",
    "version": "1.0.0",
    "private": true,
    "author": "Håkan Sundström <sundarenius@gmail.com>",
    "dependencies": {
      "@reduxjs/toolkit": "^1.5.1",
      "@santander-calculator-widget/shared": "1.0.1",
      "prismjs": "^1.24.0",
      "react": "^17.0.2",
      "react-dom": "^17.0.2",
      "react-redux": "^7.2.0",
      "react-router-dom": "^5.2.0",
      "react-scripts": "4.0.3",
      "react-simple-code-editor": "^0.11.0",
      "semantic-ui-css": "2.4.1",
      "semantic-ui-react": "2.0.3",
      "chart.js": "^3.7.1",
      "lodash": "^4.17.21",
      "react-chartjs-2": "^4.1.0",
    },
    "scripts": {
      "start": "react-scripts start",
      "build": "react-scripts build",
      "test": "react-scripts test",
      "eject": "react-scripts eject"
    },
    "browserslist": {
      "production": [
        ">0.2%",
        "not dead",
        "not op_mini all"
      ],
      "development": [
        "last 1 chrome version",
        "last 1 firefox version",
        "last 1 safari version"
      ]
    },
    "devDependencies": {
      "@testing-library/jest-dom": "^4.2.4",
      "@testing-library/react": "^9.3.2",
      "@testing-library/user-event": "^7.1.2",
      "@types/jest": "^24.0.0",
      "@types/node": "^12.0.0",
      "@types/prismjs": "^1.16.5",
      "@types/react": "^16.9.0",
      "@types/react-dom": "^16.9.0",
      "@types/react-redux": "^7.1.7",
      "@types/react-router-dom": "^5.1.7",
      "@typescript-eslint/eslint-plugin": "^4.26.1",
      "@typescript-eslint/parser": "^4.26.1",
      "cross-env": "^7.0.3",
      "eslint": "^7.28.0",
      "eslint-config-airbnb": "^18.2.1",
      "eslint-plugin-import": "^2.23.4",
      "eslint-plugin-jsx-a11y": "^6.4.1",
      "eslint-plugin-react": "^7.24.0",
      "eslint-plugin-react-hooks": "^4.2.0",
      "node-sass": "^6.0.0",
      "typescript": "~4.1.5"
    }
  }

yarn manifest: 
  No manifest

Lockfile: 
  No lockfile
